<?xml version="1.0" encoding="UTF-8"?>
<!-- Generated by org.testng.reporters.JUnitXMLReporter -->
<testsuite hostname="LAPTOP-FA6GBL4O" ignored="0" name="Default test(failed)" tests="18" failures="3" timestamp="18 Aug 2019 14:28:52 GMT" time="51.483" errors="0">
  <testcase name="validatePageTitleTest" time="0.084" classname="com.qa.test.OpenWeatherMapTest">
    <failure type="java.lang.AssertionError" message="Title not matched expected [Current weather and forecast - OpenWeatherMap] but found [Сurrent weather and forecast - OpenWeatherMap]">
      <![CDATA[java.lang.AssertionError: Title not matched expected [Current weather and forecast - OpenWeatherMap] but found [Сurrent weather and forecast - OpenWeatherMap]
at com.qa.test.OpenWeatherMapTest.validatePageTitleTest(OpenWeatherMapTest.java:33)
... Removed 30 stack frames]]>
    </failure>
  </testcase> <!-- validatePageTitleTest -->
  <testcase name="checkWeatherpgaeLogo" time="0.169" classname="com.qa.test.OpenWeatherMapTest"/>
  <testcase name="invalidCityTest" time="5.874" classname="com.qa.test.OpenWeatherMapTest">
    <failure type="java.lang.AssertionError" message="Lable is not correct expected [Not found] but found [×
Not found]">
      <![CDATA[java.lang.AssertionError: Lable is not correct expected [Not found] but found [×
Not found]
at com.qa.test.OpenWeatherMapTest.invalidCityTest(OpenWeatherMapTest.java:45)
... Removed 30 stack frames]]>
    </failure>
  </testcase> <!-- invalidCityTest -->
  <testcase name="validCityTest" time="0.319" classname="com.qa.test.OpenWeatherMapTest"/>
  <testcase name="validateWeatherImgTest" time="0.824" classname="com.qa.test.OpenWeatherMapTest"/>
  <testcase name="validateNameOfCityInOutputTest" time="0.068" classname="com.qa.test.OpenWeatherMapTest"/>
  <testcase name="validateFlagofCityTest" time="0.044" classname="com.qa.test.OpenWeatherMapTest">
    <failure type="java.lang.AssertionError" message="expected [true] but found [false]">
      <![CDATA[java.lang.AssertionError: expected [true] but found [false]
at com.qa.test.OpenWeatherMapTest.validateFlagofCityTest(OpenWeatherMapTest.java:71)
... Removed 29 stack frames]]>
    </failure>
  </testcase> <!-- validateFlagofCityTest -->
  <testcase name="validateWeatherTest" time="0.057" classname="com.qa.test.OpenWeatherMapTest"/>
  <testcase name="validateWeatherLinkOnPageTest" time="0.165" classname="com.qa.test.OpenWeatherMapTest"/>
  <testcase name="validateMapsDropDownPageTest" time="0.096" classname="com.qa.test.OpenWeatherMapTest"/>
  <testcase name="validateGuideLinkTest" time="0.106" classname="com.qa.test.OpenWeatherMapTest"/>
  <testcase name="validateAPILink" time="0.097" classname="com.qa.test.OpenWeatherMapTest"/>
  <testcase name="validatePriceLinkTest" time="0.143" classname="com.qa.test.OpenWeatherMapTest"/>
  <testcase name="validatePartnersLinkTest" time="0.126" classname="com.qa.test.OpenWeatherMapTest"/>
  <testcase name="validateStationLinkTest" time="0.153" classname="com.qa.test.OpenWeatherMapTest"/>
  <testcase name="validateWidgetsLinkTest" time="0.13" classname="com.qa.test.OpenWeatherMapTest"/>
  <testcase name="validateBlogLinkTest" time="0.089" classname="com.qa.test.OpenWeatherMapTest"/>
  <testcase name="validateSupportLinkTest" time="0.084" classname="com.qa.test.OpenWeatherMapTest"/>
</testsuite> <!-- Default test(failed) -->
